[debug] [2025-12-20T12:31:21.589Z] ----------------------------------------------------------------------
[debug] [2025-12-20T12:31:21.599Z] Command:       /Users/naman.bakliwal/.nvm/versions/node/v22.13.0/bin/node /Users/naman.bakliwal/.nvm/versions/node/v22.13.0/bin/firebase deploy
[debug] [2025-12-20T12:31:21.599Z] CLI Version:   14.22.0
[debug] [2025-12-20T12:31:21.599Z] Platform:      darwin
[debug] [2025-12-20T12:31:21.599Z] Node Version:  v22.13.0
[debug] [2025-12-20T12:31:21.600Z] Time:          Sat Dec 20 2025 12:31:21 GMT+0000 (Greenwich Mean Time)
[debug] [2025-12-20T12:31:21.600Z] ----------------------------------------------------------------------
[debug] 
[debug] [2025-12-20T12:31:21.603Z] >>> [apiv2][query] GET https://firebase-public.firebaseio.com/cli.json [none]
[debug] [2025-12-20T12:31:21.825Z] > command requires scopes: ["email","openid","https://www.googleapis.com/auth/cloudplatformprojects.readonly","https://www.googleapis.com/auth/firebase","https://www.googleapis.com/auth/cloud-platform"]
[debug] [2025-12-20T12:31:21.825Z] > authorizing via signed-in user (spectraqube.dev@gmail.com)
[debug] [2025-12-20T12:31:21.825Z] [iam] checking project grabbitt-aed50 for permissions ["cloudfunctions.functions.create","cloudfunctions.functions.delete","cloudfunctions.functions.get","cloudfunctions.functions.list","cloudfunctions.functions.update","cloudfunctions.operations.get","firebase.projects.get"]
[debug] [2025-12-20T12:31:21.828Z] Checked if tokens are valid: false, expires at: 1766155405747
[debug] [2025-12-20T12:31:21.829Z] Checked if tokens are valid: false, expires at: 1766155405747
[debug] [2025-12-20T12:31:21.829Z] > refreshing access token with scopes: []
[debug] [2025-12-20T12:31:21.830Z] >>> [apiv2][query] POST https://www.googleapis.com/oauth2/v3/token [none]
[debug] [2025-12-20T12:31:21.830Z] >>> [apiv2][body] POST https://www.googleapis.com/oauth2/v3/token [omitted]
[debug] [2025-12-20T12:31:21.941Z] <<< [apiv2][status] POST https://www.googleapis.com/oauth2/v3/token 200
[debug] [2025-12-20T12:31:21.941Z] <<< [apiv2][body] POST https://www.googleapis.com/oauth2/v3/token [omitted]
[debug] [2025-12-20T12:31:21.976Z] >>> [apiv2][query] POST https://cloudresourcemanager.googleapis.com/v1/projects/grabbitt-aed50:testIamPermissions [none]
[debug] [2025-12-20T12:31:21.976Z] >>> [apiv2][(partial)header] POST https://cloudresourcemanager.googleapis.com/v1/projects/grabbitt-aed50:testIamPermissions x-goog-quota-user=projects/grabbitt-aed50
[debug] [2025-12-20T12:31:21.976Z] >>> [apiv2][body] POST https://cloudresourcemanager.googleapis.com/v1/projects/grabbitt-aed50:testIamPermissions {"permissions":["cloudfunctions.functions.create","cloudfunctions.functions.delete","cloudfunctions.functions.get","cloudfunctions.functions.list","cloudfunctions.functions.update","cloudfunctions.operations.get","firebase.projects.get"]}
[debug] [2025-12-20T12:31:22.085Z] <<< [apiv2][status] GET https://firebase-public.firebaseio.com/cli.json 200
[debug] [2025-12-20T12:31:22.085Z] <<< [apiv2][body] GET https://firebase-public.firebaseio.com/cli.json {"cloudBuildErrorAfter":1594252800000,"cloudBuildWarnAfter":1590019200000,"defaultNode10After":1594252800000,"minVersion":"3.0.5","node8DeploysDisabledAfter":1613390400000,"node8RuntimeDisabledAfter":1615809600000,"node8WarnAfter":1600128000000}
[debug] [2025-12-20T12:31:22.648Z] <<< [apiv2][status] POST https://cloudresourcemanager.googleapis.com/v1/projects/grabbitt-aed50:testIamPermissions 200
[debug] [2025-12-20T12:31:22.648Z] <<< [apiv2][body] POST https://cloudresourcemanager.googleapis.com/v1/projects/grabbitt-aed50:testIamPermissions {"permissions":["cloudfunctions.functions.create","cloudfunctions.functions.delete","cloudfunctions.functions.get","cloudfunctions.functions.list","cloudfunctions.functions.update","cloudfunctions.operations.get","firebase.projects.get"]}
[debug] [2025-12-20T12:31:22.649Z] Checked if tokens are valid: true, expires at: 1766237480941
[debug] [2025-12-20T12:31:22.649Z] Checked if tokens are valid: true, expires at: 1766237480941
[debug] [2025-12-20T12:31:22.649Z] >>> [apiv2][query] POST https://iam.googleapis.com/v1/projects/grabbitt-aed50/serviceAccounts/grabbitt-aed50@appspot.gserviceaccount.com:testIamPermissions [none]
[debug] [2025-12-20T12:31:22.649Z] >>> [apiv2][body] POST https://iam.googleapis.com/v1/projects/grabbitt-aed50/serviceAccounts/grabbitt-aed50@appspot.gserviceaccount.com:testIamPermissions {"permissions":["iam.serviceAccounts.actAs"]}
[debug] [2025-12-20T12:31:23.263Z] <<< [apiv2][status] POST https://iam.googleapis.com/v1/projects/grabbitt-aed50/serviceAccounts/grabbitt-aed50@appspot.gserviceaccount.com:testIamPermissions 200
[debug] [2025-12-20T12:31:23.263Z] <<< [apiv2][body] POST https://iam.googleapis.com/v1/projects/grabbitt-aed50/serviceAccounts/grabbitt-aed50@appspot.gserviceaccount.com:testIamPermissions {"permissions":["iam.serviceAccounts.actAs"]}
[info] 
[info] === Deploying to 'grabbitt-aed50'...
[info] 
[info] i  deploying functions 
[debug] [2025-12-20T12:31:23.271Z] Checked if tokens are valid: true, expires at: 1766237480941
[debug] [2025-12-20T12:31:23.271Z] Checked if tokens are valid: true, expires at: 1766237480941
[debug] [2025-12-20T12:31:23.271Z] >>> [apiv2][query] GET https://cloudresourcemanager.googleapis.com/v1/projects/grabbitt-aed50 [none]
[debug] [2025-12-20T12:31:23.440Z] <<< [apiv2][status] GET https://cloudresourcemanager.googleapis.com/v1/projects/grabbitt-aed50 200
[debug] [2025-12-20T12:31:23.440Z] <<< [apiv2][body] GET https://cloudresourcemanager.googleapis.com/v1/projects/grabbitt-aed50 {"projectNumber":"686996955331","projectId":"grabbitt-aed50","lifecycleState":"ACTIVE","name":"grabbitt","labels":{"firebase":"enabled","firebase-core":"disabled"},"createTime":"2025-10-24T14:52:26.571084Z"}
[info] i  functions: preparing codebase default for deployment 
[info] i  functions: ensuring required API cloudfunctions.googleapis.com is enabled... 
[info] i  functions: ensuring required API cloudbuild.googleapis.com is enabled... 
[info] i  artifactregistry: ensuring required API artifactregistry.googleapis.com is enabled... 
[debug] [2025-12-20T12:31:23.446Z] Checked if tokens are valid: true, expires at: 1766237480941
[debug] [2025-12-20T12:31:23.446Z] Checked if tokens are valid: true, expires at: 1766237480941
[debug] [2025-12-20T12:31:23.446Z] >>> [apiv2][query] GET https://firebase.googleapis.com/v1beta1/projects/grabbitt-aed50/adminSdkConfig [none]
[debug] [2025-12-20T12:31:24.123Z] <<< [apiv2][status] GET https://firebase.googleapis.com/v1beta1/projects/grabbitt-aed50/adminSdkConfig 200
[debug] [2025-12-20T12:31:24.123Z] <<< [apiv2][body] GET https://firebase.googleapis.com/v1beta1/projects/grabbitt-aed50/adminSdkConfig {"projectId":"grabbitt-aed50","storageBucket":"grabbitt-aed50.firebasestorage.app"}
[debug] [2025-12-20T12:31:24.124Z] Checked if tokens are valid: true, expires at: 1766237480941
[debug] [2025-12-20T12:31:24.124Z] Checked if tokens are valid: true, expires at: 1766237480941
[debug] [2025-12-20T12:31:24.124Z] >>> [apiv2][query] GET https://runtimeconfig.googleapis.com/v1beta1/projects/grabbitt-aed50/configs [none]
[debug] [2025-12-20T12:31:24.510Z] <<< [apiv2][status] GET https://runtimeconfig.googleapis.com/v1beta1/projects/grabbitt-aed50/configs 200
[debug] [2025-12-20T12:31:24.510Z] <<< [apiv2][body] GET https://runtimeconfig.googleapis.com/v1beta1/projects/grabbitt-aed50/configs {}
[debug] [2025-12-20T12:31:24.514Z] Validating nodejs source
[warn] ⚠  functions: package.json indicates an outdated version of firebase-functions. Please upgrade using npm install --save firebase-functions@latest in your functions directory. 
[warn] ⚠  functions: Please note that there will be breaking changes when you upgrade. 
[debug] [2025-12-20T12:31:30.722Z] > [functions] package.json contents: {
  "name": "grabbitt-functions",
  "description": "Firebase Cloud Functions for Grabbitt Seller App",
  "main": "lib/index.js",
  "scripts": {
    "lint": "eslint --ext .ts src",
    "build": "tsc",
    "serve": "npm run build && firebase emulators:start --only functions,auth,firestore,ui",
    "shell": "firebase functions:shell",
    "start": "npm run serve",
    "deploy": "npm run build && firebase deploy --only functions"
  },
  "engines": {
    "node": "20"
  },
  "dependencies": {
    "base64-img": "^1.0.4",
    "cors": "^2.8.5",
    "dayjs": "^1.11.19",
    "firebase-admin": "^12.0.0",
    "firebase-functions": "^6.0.0",
    "multer": "^2.0.2",
    "node-fetch": "^2.7.0",
    "qrcode": "^1.5.4",
    "razorpay": "^2.9.6",
    "uuid": "^13.0.0"
  },
  "devDependencies": {
    "@types/multer": "^2.0.0",
    "@types/qrcode": "^1.5.6",
    "@typescript-eslint/eslint-plugin": "^7.0.0",
    "@typescript-eslint/parser": "^7.0.0",
    "eslint": "^8.57.0",
    "eslint-config-prettier": "^9.0.0",
    "eslint-plugin-import": "^2.29.0",
    "typescript": "^5.4.0"
  },
  "private": true
}
[debug] [2025-12-20T12:31:30.722Z] Building nodejs source
[info] i  functions: Loading and analyzing source code for codebase default to determine what to deploy 
[debug] [2025-12-20T12:31:30.724Z] Could not find functions.yaml. Must use http discovery
[debug] [2025-12-20T12:31:30.734Z] Found firebase-functions binary at '/Users/naman.bakliwal/workspace/personal/grabbitt-app/firebase-function/functions/node_modules/.bin/firebase-functions'
[info] Serving at port 8097

[error] (node:99514) [DEP0040] DeprecationWarning: The `punycode` module is deprecated. Please use a userland alternative instead.
(Use `node --trace-deprecation ...` to show where the warning was created)

[debug] [2025-12-20T12:31:37.490Z] Got response from /__/functions.yaml {"endpoints":{"registerSeller":{"availableMemoryMb":null,"timeoutSeconds":null,"minInstances":null,"maxInstances":null,"ingressSettings":null,"concurrency":null,"serviceAccountEmail":null,"vpc":null,"platform":"gcfv2","labels":{},"httpsTrigger":{},"entryPoint":"registerSeller"},"loginSeller":{"availableMemoryMb":null,"timeoutSeconds":null,"minInstances":null,"maxInstances":null,"ingressSettings":null,"concurrency":null,"serviceAccountEmail":null,"vpc":null,"platform":"gcfv2","secretEnvironmentVariables":[{"key":"API_KEY"}],"labels":{},"httpsTrigger":{},"entryPoint":"loginSeller"},"getSellerDetails":{"availableMemoryMb":null,"timeoutSeconds":null,"minInstances":null,"maxInstances":null,"ingressSettings":null,"concurrency":null,"serviceAccountEmail":null,"vpc":null,"platform":"gcfv2","labels":{},"httpsTrigger":{},"entryPoint":"getSellerDetails"},"updateSellerProfile":{"availableMemoryMb":null,"timeoutSeconds":null,"minInstances":null,"maxInstances":null,"ingressSettings":null,"concurrency":null,"serviceAccountEmail":null,"vpc":null,"platform":"gcfv2","labels":{},"httpsTrigger":{},"entryPoint":"updateSellerProfile"},"logout":{"availableMemoryMb":null,"timeoutSeconds":null,"minInstances":null,"maxInstances":null,"ingressSettings":null,"concurrency":null,"serviceAccountEmail":null,"vpc":null,"platform":"gcfv2","labels":{},"httpsTrigger":{},"entryPoint":"logout"},"generateBatchQRCodes":{"availableMemoryMb":null,"timeoutSeconds":null,"minInstances":null,"maxInstances":null,"ingressSettings":null,"concurrency":null,"serviceAccountEmail":null,"vpc":null,"platform":"gcfv2","labels":{},"httpsTrigger":{},"entryPoint":"generateBatchQRCodes"},"scanQRCode":{"availableMemoryMb":null,"timeoutSeconds":null,"minInstances":null,"maxInstances":null,"ingressSettings":null,"concurrency":null,"serviceAccountEmail":null,"vpc":null,"platform":"gcfv2","labels":{},"httpsTrigger":{},"entryPoint":"scanQRCode"},"generateQRCode":{"availableMemoryMb":null,"timeoutSeconds":null,"minInstances":null,"maxInstances":null,"ingressSettings":null,"concurrency":null,"serviceAccountEmail":null,"vpc":null,"platform":"gcfv2","labels":{},"httpsTrigger":{},"entryPoint":"generateQRCode"},"sellerStats":{"availableMemoryMb":null,"timeoutSeconds":null,"minInstances":null,"maxInstances":null,"ingressSettings":null,"concurrency":null,"serviceAccountEmail":null,"vpc":null,"platform":"gcfv2","labels":{},"httpsTrigger":{},"entryPoint":"sellerStats"},"getActiveQR":{"availableMemoryMb":null,"timeoutSeconds":null,"minInstances":null,"maxInstances":null,"ingressSettings":null,"concurrency":null,"serviceAccountEmail":null,"vpc":null,"platform":"gcfv2","labels":{},"httpsTrigger":{},"entryPoint":"getActiveQR"},"refreshToken":{"availableMemoryMb":null,"timeoutSeconds":null,"minInstances":null,"maxInstances":null,"ingressSettings":null,"concurrency":null,"serviceAccountEmail":null,"vpc":null,"platform":"gcfv2","secretEnvironmentVariables":[{"key":"API_KEY"}],"labels":{},"httpsTrigger":{},"entryPoint":"refreshToken"},"createOrder":{"availableMemoryMb":null,"timeoutSeconds":null,"minInstances":null,"maxInstances":null,"ingressSettings":null,"concurrency":null,"serviceAccountEmail":null,"vpc":null,"platform":"gcfv2","secretEnvironmentVariables":[{"key":"RAZORPAY_ENV"},{"key":"RAZORPAY_KEY_ID_TEST"},{"key":"RAZORPAY_SECRET_TEST"}],"labels":{},"httpsTrigger":{},"entryPoint":"createOrder"},"verifyPayment":{"availableMemoryMb":null,"timeoutSeconds":null,"minInstances":null,"maxInstances":null,"ingressSettings":null,"concurrency":null,"serviceAccountEmail":null,"vpc":null,"platform":"gcfv2","secretEnvironmentVariables":[{"key":"RAZORPAY_ENV"},{"key":"RAZORPAY_SECRET_TEST"}],"labels":{},"httpsTrigger":{},"entryPoint":"verifyPayment"},"applyCoupon":{"availableMemoryMb":null,"timeoutSeconds":null,"minInstances":null,"maxInstances":null,"ingressSettings":null,"concurrency":null,"serviceAccountEmail":null,"vpc":null,"platform":"gcfv2","labels":{},"httpsTrigger":{},"entryPoint":"applyCoupon"},"countMonthlyQRCodes":{"availableMemoryMb":null,"timeoutSeconds":null,"minInstances":null,"maxInstances":null,"ingressSettings":null,"concurrency":null,"serviceAccountEmail":null,"vpc":null,"platform":"gcfv2","labels":{},"httpsTrigger":{},"entryPoint":"countMonthlyQRCodes"},"sellerAdvancedAnalytics":{"availableMemoryMb":null,"timeoutSeconds":null,"minInstances":null,"maxInstances":null,"ingressSettings":null,"concurrency":null,"serviceAccountEmail":null,"vpc":null,"platform":"gcfv2","labels":{},"httpsTrigger":{},"entryPoint":"sellerAdvancedAnalytics"},"deleteSellerAccount":{"availableMemoryMb":null,"timeoutSeconds":null,"minInstances":null,"maxInstances":null,"ingressSettings":null,"concurrency":null,"serviceAccountEmail":null,"vpc":null,"platform":"gcfv2","labels":{},"httpsTrigger":{},"entryPoint":"deleteSellerAccount"},"reauthenticate":{"availableMemoryMb":null,"timeoutSeconds":null,"minInstances":null,"maxInstances":null,"ingressSettings":null,"concurrency":null,"serviceAccountEmail":null,"vpc":null,"platform":"gcfv2","secretEnvironmentVariables":[{"key":"API_KEY"}],"labels":{},"httpsTrigger":{},"entryPoint":"reauthenticate"},"changePassword":{"availableMemoryMb":null,"timeoutSeconds":null,"minInstances":null,"maxInstances":null,"ingressSettings":null,"concurrency":null,"serviceAccountEmail":null,"vpc":null,"platform":"gcfv2","labels":{},"httpsTrigger":{},"entryPoint":"changePassword"},"requestPasswordReset":{"availableMemoryMb":null,"timeoutSeconds":null,"minInstances":null,"maxInstances":null,"ingressSettings":null,"concurrency":null,"serviceAccountEmail":null,"vpc":null,"platform":"gcfv2","secretEnvironmentVariables":[{"key":"API_KEY"}],"labels":{},"httpsTrigger":{},"entryPoint":"requestPasswordReset"},"confirmPasswordReset":{"availableMemoryMb":null,"timeoutSeconds":null,"minInstances":null,"maxInstances":null,"ingressSettings":null,"concurrency":null,"serviceAccountEmail":null,"vpc":null,"platform":"gcfv2","secretEnvironmentVariables":[{"key":"API_KEY"}],"labels":{},"httpsTrigger":{},"entryPoint":"confirmPasswordReset"},"loginUser":{"availableMemoryMb":null,"timeoutSeconds":null,"minInstances":null,"maxInstances":null,"ingressSettings":null,"concurrency":null,"serviceAccountEmail":null,"vpc":null,"platform":"gcfv2","secretEnvironmentVariables":[{"key":"API_KEY"}],"labels":{},"httpsTrigger":{},"entryPoint":"loginUser"},"registerUser":{"availableMemoryMb":null,"timeoutSeconds":null,"minInstances":null,"maxInstances":null,"ingressSettings":null,"concurrency":null,"serviceAccountEmail":null,"vpc":null,"platform":"gcfv2","labels":{},"httpsTrigger":{},"entryPoint":"registerUser"},"getUserDetails":{"availableMemoryMb":null,"timeoutSeconds":null,"minInstances":null,"maxInstances":null,"ingressSettings":null,"concurrency":null,"serviceAccountEmail":null,"vpc":null,"platform":"gcfv2","labels":{},"httpsTrigger":{},"entryPoint":"getUserDetails"},"getNearbySellers":{"availableMemoryMb":null,"timeoutSeconds":null,"minInstances":null,"maxInstances":null,"ingressSettings":null,"concurrency":null,"serviceAccountEmail":null,"vpc":null,"platform":"gcfv2","labels":{},"httpsTrigger":{},"entryPoint":"getNearbySellers"},"getSubscriptionHistory":{"availableMemoryMb":null,"timeoutSeconds":null,"minInstances":null,"maxInstances":null,"ingressSettings":null,"concurrency":null,"serviceAccountEmail":null,"vpc":null,"platform":"gcfv2","labels":{},"httpsTrigger":{},"entryPoint":"getSubscriptionHistory"},"findSellerByUPI":{"availableMemoryMb":null,"timeoutSeconds":null,"minInstances":null,"maxInstances":null,"ingressSettings":null,"concurrency":null,"serviceAccountEmail":null,"vpc":null,"platform":"gcfv2","labels":{},"httpsTrigger":{},"entryPoint":"findSellerByUPI"},"createOrderForUser":{"availableMemoryMb":null,"timeoutSeconds":null,"minInstances":null,"maxInstances":null,"ingressSettings":null,"concurrency":null,"serviceAccountEmail":null,"vpc":null,"platform":"gcfv2","secretEnvironmentVariables":[{"key":"RAZORPAY_ENV"},{"key":"RAZORPAY_KEY_ID_TEST"},{"key":"RAZORPAY_SECRET_TEST"}],"labels":{},"httpsTrigger":{},"entryPoint":"createOrderForUser"},"verifyPaymentForUser":{"availableMemoryMb":null,"timeoutSeconds":null,"minInstances":null,"maxInstances":null,"ingressSettings":null,"concurrency":null,"serviceAccountEmail":null,"vpc":null,"platform":"gcfv2","secretEnvironmentVariables":[{"key":"RAZORPAY_ENV"},{"key":"RAZORPAY_SECRET_TEST"}],"labels":{},"httpsTrigger":{},"entryPoint":"verifyPaymentForUser"},"getPointsBalance":{"availableMemoryMb":null,"timeoutSeconds":null,"minInstances":null,"maxInstances":null,"ingressSettings":null,"concurrency":null,"serviceAccountEmail":null,"vpc":null,"platform":"gcfv2","labels":{},"httpsTrigger":{},"entryPoint":"getPointsBalance"},"getTransactions":{"availableMemoryMb":null,"timeoutSeconds":null,"minInstances":null,"maxInstances":null,"ingressSettings":null,"concurrency":null,"serviceAccountEmail":null,"vpc":null,"platform":"gcfv2","labels":{},"httpsTrigger":{},"entryPoint":"getTransactions"},"cancelRedemption":{"availableMemoryMb":null,"timeoutSeconds":null,"minInstances":null,"maxInstances":null,"ingressSettings":null,"concurrency":null,"serviceAccountEmail":null,"vpc":null,"platform":"gcfv2","labels":{},"httpsTrigger":{},"entryPoint":"cancelRedemption"},"createRedemption":{"availableMemoryMb":null,"timeoutSeconds":null,"minInstances":null,"maxInstances":null,"ingressSettings":null,"concurrency":null,"serviceAccountEmail":null,"vpc":null,"platform":"gcfv2","labels":{},"httpsTrigger":{},"entryPoint":"createRedemption"},"getSellerRedemptions":{"availableMemoryMb":null,"timeoutSeconds":null,"minInstances":null,"maxInstances":null,"ingressSettings":null,"concurrency":null,"serviceAccountEmail":null,"vpc":null,"platform":"gcfv2","labels":{},"httpsTrigger":{},"entryPoint":"getSellerRedemptions"},"getUserRedemptions":{"availableMemoryMb":null,"timeoutSeconds":null,"minInstances":null,"maxInstances":null,"ingressSettings":null,"concurrency":null,"serviceAccountEmail":null,"vpc":null,"platform":"gcfv2","labels":{},"httpsTrigger":{},"entryPoint":"getUserRedemptions"},"processRedemption":{"availableMemoryMb":null,"timeoutSeconds":null,"minInstances":null,"maxInstances":null,"ingressSettings":null,"concurrency":null,"serviceAccountEmail":null,"vpc":null,"platform":"gcfv2","labels":{},"httpsTrigger":{},"entryPoint":"processRedemption"},"redemptionAnalytics":{"availableMemoryMb":null,"timeoutSeconds":null,"minInstances":null,"maxInstances":null,"ingressSettings":null,"concurrency":null,"serviceAccountEmail":null,"vpc":null,"platform":"gcfv2","labels":{},"httpsTrigger":{},"entryPoint":"redemptionAnalytics"},"getRedemptionQR":{"availableMemoryMb":null,"timeoutSeconds":null,"minInstances":null,"maxInstances":null,"ingressSettings":null,"concurrency":null,"serviceAccountEmail":null,"vpc":null,"platform":"gcfv2","labels":{},"httpsTrigger":{},"entryPoint":"getRedemptionQR"},"getBalanceBySeller":{"availableMemoryMb":null,"timeoutSeconds":null,"minInstances":null,"maxInstances":null,"ingressSettings":null,"concurrency":null,"serviceAccountEmail":null,"vpc":null,"platform":"gcfv2","labels":{},"httpsTrigger":{},"entryPoint":"getBalanceBySeller"},"deleteUser":{"availableMemoryMb":null,"timeoutSeconds":null,"minInstances":null,"maxInstances":null,"ingressSettings":null,"concurrency":null,"serviceAccountEmail":null,"vpc":null,"platform":"gcfv2","labels":{},"httpsTrigger":{},"entryPoint":"deleteUser"},"updateUserProfile":{"availableMemoryMb":null,"timeoutSeconds":null,"minInstances":null,"maxInstances":null,"ingressSettings":null,"concurrency":null,"serviceAccountEmail":null,"vpc":null,"platform":"gcfv2","labels":{},"httpsTrigger":{},"entryPoint":"updateUserProfile"},"updateSellerMedia":{"availableMemoryMb":null,"timeoutSeconds":null,"minInstances":null,"maxInstances":null,"ingressSettings":null,"concurrency":null,"serviceAccountEmail":null,"vpc":null,"platform":"gcfv2","labels":{},"httpsTrigger":{},"entryPoint":"updateSellerMedia"},"getRedemptionStatus":{"availableMemoryMb":null,"timeoutSeconds":null,"minInstances":null,"maxInstances":null,"ingressSettings":null,"concurrency":null,"serviceAccountEmail":null,"vpc":null,"platform":"gcfv2","labels":{},"httpsTrigger":{},"entryPoint":"getRedemptionStatus"},"getSellerOffers":{"availableMemoryMb":null,"timeoutSeconds":null,"minInstances":null,"maxInstances":null,"ingressSettings":null,"concurrency":null,"serviceAccountEmail":null,"vpc":null,"platform":"gcfv2","labels":{},"httpsTrigger":{},"entryPoint":"getSellerOffers"},"saveSellerOffer":{"availableMemoryMb":null,"timeoutSeconds":null,"minInstances":null,"maxInstances":null,"ingressSettings":null,"concurrency":null,"serviceAccountEmail":null,"vpc":null,"platform":"gcfv2","labels":{},"httpsTrigger":{},"entryPoint":"saveSellerOffer"},"deleteSellerOffer":{"availableMemoryMb":null,"timeoutSeconds":null,"minInstances":null,"maxInstances":null,"ingressSettings":null,"concurrency":null,"serviceAccountEmail":null,"vpc":null,"platform":"gcfv2","labels":{},"httpsTrigger":{},"entryPoint":"deleteSellerOffer"},"getSellerOfferById":{"availableMemoryMb":null,"timeoutSeconds":null,"minInstances":null,"maxInstances":null,"ingressSettings":null,"concurrency":null,"serviceAccountEmail":null,"vpc":null,"platform":"gcfv2","labels":{},"httpsTrigger":{},"entryPoint":"getSellerOfferById"},"assignTodayOffer":{"availableMemoryMb":null,"timeoutSeconds":null,"minInstances":null,"maxInstances":null,"ingressSettings":null,"concurrency":null,"serviceAccountEmail":null,"vpc":null,"platform":"gcfv2","labels":{},"httpsTrigger":{},"entryPoint":"assignTodayOffer"},"getUserPerks":{"availableMemoryMb":null,"timeoutSeconds":null,"minInstances":null,"maxInstances":null,"ingressSettings":null,"concurrency":null,"serviceAccountEmail":null,"vpc":null,"platform":"gcfv2","labels":{},"httpsTrigger":{},"entryPoint":"getUserPerks"},"redeemTodayOffer":{"availableMemoryMb":null,"timeoutSeconds":null,"minInstances":null,"maxInstances":null,"ingressSettings":null,"concurrency":null,"serviceAccountEmail":null,"vpc":null,"platform":"gcfv2","labels":{},"httpsTrigger":{},"entryPoint":"redeemTodayOffer"},"getTodayOfferStatus":{"availableMemoryMb":null,"timeoutSeconds":null,"minInstances":null,"maxInstances":null,"ingressSettings":null,"concurrency":null,"serviceAccountEmail":null,"vpc":null,"platform":"gcfv2","labels":{},"httpsTrigger":{},"entryPoint":"getTodayOfferStatus"},"verifyRedeemCode":{"availableMemoryMb":null,"timeoutSeconds":null,"minInstances":null,"maxInstances":null,"ingressSettings":null,"concurrency":null,"serviceAccountEmail":null,"vpc":null,"platform":"gcfv2","labels":{},"httpsTrigger":{},"entryPoint":"verifyRedeemCode"},"expireUnredeemedOffers":{"availableMemoryMb":null,"timeoutSeconds":null,"minInstances":null,"maxInstances":null,"ingressSettings":null,"concurrency":null,"serviceAccountEmail":null,"vpc":null,"platform":"gcfv2","labels":{},"scheduleTrigger":{"schedule":"5 0 * * *","retryConfig":{},"timeZone":"Asia/Kolkata"},"entryPoint":"expireUnredeemedOffers"},"getSellerRedeemedPerks":{"availableMemoryMb":null,"timeoutSeconds":null,"minInstances":null,"maxInstances":null,"ingressSettings":null,"concurrency":null,"serviceAccountEmail":null,"vpc":null,"platform":"gcfv2","labels":{},"httpsTrigger":{},"entryPoint":"getSellerRedeemedPerks"},"phoneLogin":{"availableMemoryMb":null,"timeoutSeconds":null,"minInstances":null,"maxInstances":null,"ingressSettings":null,"concurrency":null,"serviceAccountEmail":null,"vpc":null,"platform":"gcfv2","labels":{},"httpsTrigger":{},"entryPoint":"phoneLogin"}},"specVersion":"v1alpha1","requiredAPIs":[{"api":"cloudscheduler.googleapis.com","reason":"Needed for scheduled functions."}],"extensions":{}}
